<?xml version="1.0" encoding="UTF-8"?>
<!-- Generated by org.testng.reporters.JUnitReportReporter -->
<testsuite hostname="INBOOK_X1_SLIM" failures="0" tests="1" name="testCases.TC001_Registration" time="3.116" errors="0" timestamp="2024-09-07T23:41:01 IST" skipped="0">
  <testcase classname="testCases.TC001_Registration" name="registration" time="3.116"/>
</testsuite> <!-- testCases.TC001_Registration -->
