<?xml version="1.0" encoding="UTF-8"?>
<!-- Generated by org.testng.reporters.JUnitReportReporter -->
<testsuite hostname="INBOOK_X1_SLIM" failures="0" tests="1" name="testCases.TC001_AccountRegistrationTest" time="2.299" errors="0" timestamp="2024-09-08T16:00:46 IST" skipped="0">
  <testcase classname="testCases.TC001_AccountRegistrationTest" name="registration" time="2.299"/>
</testsuite> <!-- testCases.TC001_AccountRegistrationTest -->
