<?xml version="1.0" encoding="UTF-8"?>
<!-- Generated by org.testng.reporters.JUnitReportReporter -->
<testsuite hostname="INBOOK_X1_SLIM" failures="0" tests="1" name="testCases.TC001_AccountRegistrationTest" time="2.585" errors="0" timestamp="2024-09-15T20:51:06 IST" skipped="0">
  <testcase classname="testCases.TC001_AccountRegistrationTest" name="registration" time="2.585"/>
</testsuite> <!-- testCases.TC001_AccountRegistrationTest -->
